 1 Tao hua kai yo li hua kai, jie jie mei mei dong qi lai;
 2 Tao hua kai yo li hua kai, jie jie mei mei tiao qi lai.
 3     Gei ni zi ji, chun yi mai huai (yi ya yo);
 4     Gei xin shang ren, chun se man kai.
 5 Tao hua kai yo li hua kai, jie jie mei mei dong qi lai;
 6 Tao hua kai yo li hua kai, jie jie mei mei tiao qi lai.
 7     Gei tong bao men, chun yi man huai, hai hai yo;
 8     Gei zhe da di, chun se quan kai!!!
 9 Cong na nu jiang nan, dao mo he bei,
10     Dao chu dou you hua rong ming mei.
11 Lai hui hui shou, zai diao ge tou,
12     Wu xian chun guang zai wo xiong.
13 Cong jing cheng, dao yuan ye,
14     Dao chu dou you sheng de xi yue.
15 Lai hui hui shou, zai yan ran huang ge tou,
16     Wu xian CHUN GUANG XIAN ZU GUO!!!
17 Tao hua kai yo li hua kai, Jiong xian mei mei dong qi lai;
18 Tao hua kai yo li hua kai, Jie jie mei mei tiao qi lai.
19     Gei ni zi ji, chun yi mai huai chun yi man huai yi ya yo;
20     Gei xin shang ren, chun se man kai chun se man kai.
21 Tao hua kai yo li hua kai, Jie jie mei mei dong qi lai;
22 Tao hua kai yo li hua kai, Jie jie mei mei tiao qi lai.
23     Gei tong bao men, chun yi man huai, hai hai yo;
24     Gei zhe da di, chun se quan kai!!!
25 Cong na nu jiang nan, dao mo he bei,
26     Dao chu dou you hua rong ming mei.
27 Lai hui hui shou, zai diao ge tou,
28     Wu xian chun guang zai wo xiong.
29 Cong jing cheng, dao yuan ye,
30     Dao chu dou you sheng de xi yue.
31 Lai hui hui shou, zai yan ran huang ge tou,
32     Wu xian CHUN GUANG XIAN ZU GUO!!!
33 Lai hui hui shou, zai yan ran huang ge tou,
34     Wu xian CHUN GUANG XIAN ZU GUO!!!
