 1 public class Main {
 2     public static void main(String[] args) throws Exception {
 3         int b = 0, c = 0;
 4         for (int a = 123; a < 333; a++) {
 5             int[] array = new int[10];
 6             Boolean flag = true;
 7             b = a * 2;
 8             c = a * 3;
 9             array[a / 100] = 1;
10             array[a / 10 % 10] = 1;
11             array[a % 10] = 1;
12
13             array[b / 100] = 1;
14             array[b / 10 % 10] = 1;
15             array[b % 10] = 1;
16
17             array[c / 100] = 1;
18             array[c / 10 % 10] = 1;
19             array[c % 10] = 1;
20             for (int i = 1; i < array.length; i++) {
21                 if (array[i] != 1) {
22                     flag = false;
23                     break;
24                 }
25             }
26             if (flag)
27                 System.out.println(a + " " + b + " " + c);
28         }
29     }
30 }
