169
bbbbbbbbbbbbrbbbbbbbbbbbb
bbbbbbbbbbbrbbbbbbbbbbbbr
bbbbbbbbbbbrbbbbbbbbbbbrr
bbbbbbbbbbbrbbbbbbbbbbrrb
bbbbbbbbbbbrbbbbbbbbbrrbb
bbbbbbbbbbbrbbbbbbbbrrbbb
bbbbbbbbbbbrbbbbbbbrrbbbb
bbbbbbbbbbbrbbbbbbrrbbbbb
bbbbbbbbbbbrbbbbbrrbbbbbb
bbbbbbbbbbbrbbbbrrbbbbbbb
bbbbbbbbbbbrbbbrrbbbbbbbb
bbbbbbbbbbbrbbrrbbbbbbbbb
bbbbbbbbbbbrbrrbbbbbbbbbb
bbbbbbbbbbbrrrbbbbbbbbbbb
bbbbbbbbbbrbbbbbbbbbbbbrb
bbbbbbbbbbrbbbbbbbbbbbrbr
bbbbbbbbbbrbbbbbbbbbbbrrr
bbbbbbbbbbrbbbbbbbbbbrbrb
bbbbbbbbbbrbbbbbbbbbbrrbr
bbbbbbbbbbrbbbbbbbbbbrrrr
bbbbbbbbbbrbbbbbbbbbrbrbb
bbbbbbbbbbrbbbbbbbbbrrbbr
bbbbbbbbbbrbbbbbbbbbrrbrr
bbbbbbbbbbrbbbbbbbbbrrrrb
bbbbbbbbbbrbbbbbbbbrbrbbb
bbbbbbbbbbrbbbbbbbbrrbbbr
bbbbbbbbbbrbbbbbbbbrrbbrr
bbbbbbbbbbrbbbbbbbbrrbrrb
bbbbbbbbbbrbbbbbbbbrrrrbb
bbbbbbbbbbrbbbbbbbrbrbbbb
bbbbbbbbbbrbbbbbbbrrbbbbr
bbbbbbbbbbrbbbbbbbrrbbbrr
bbbbbbbbbbrbbbbbbbrrbbrrb
bbbbbbbbbbrbbbbbbbrrbrrbb
bbbbbbbbbbrbbbbbbbrrrrbbb
bbbbbbbbbbrbbbbbbrbrbbbbb
bbbbbbbbbbrbbbbbbrrbbbbbr
bbbbbbbbbbrbbbbbbrrbbbbrr
bbbbbbbbbbrbbbbbbrrbbbrrb
bbbbbbbbbbrbbbbbbrrbbrrbb
bbbbbbbbbbrbbbbbbrrbrrbbb
bbbbbbbbbbrbbbbbbrrrrbbbb
bbbbbbbbbbrbbbbbrbrbbbbbb
bbbbbbbbbbrbbbbbrrbbbbbbr
bbbbbbbbbbrbbbbbrrbbbbbrr
bbbbbbbbbbrbbbbbrrbbbbrrb
bbbbbbbbbbrbbbbbrrbbbrrbb
bbbbbbbbbbrbbbbbrrbbrrbbb
bbbbbbbbbbrbbbbbrrbrrbbbb
bbbbbbbbbbrbbbbbrrrrbbbbb
bbbbbbbbbbrbbbbrbrbbbbbbb
bbbbbbbbbbrbbbbrrbbbbbbbr
bbbbbbbbbbrbbbbrrbbbbbbrr
bbbbbbbbbbrbbbbrrbbbbbrrb
bbbbbbbbbbrbbbbrrbbbbrrbb
bbbbbbbbbbrbbbbrrbbbrrbbb
bbbbbbbbbbrbbbbrrbbrrbbbb
bbbbbbbbbbrbbbbrrbrrbbbbb
bbbbbbbbbbrbbbbrrrrbbbbbb
bbbbbbbbbbrbbbrbrbbbbbbbb
bbbbbbbbbbrbbbrrbbbbbbbbr
bbbbbbbbbbrbbbrrbbbbbbbrr
bbbbbbbbbbrbbbrrbbbbbbrrb
bbbbbbbbbbrbbbrrbbbbbrrbb
bbbbbbbbbbrbbbrrbbbbrrbbb
bbbbbbbbbbrbbbrrbbbrrbbbb
bbbbbbbbbbrbbbrrbbrrbbbbb
bbbbbbbbbbrbbbrrbrrbbbbbb
bbbbbbbbbbrbbbrrrrbbbbbbb
bbbbbbbbbbrbbrbrbbbbbbbbb
bbbbbbbbbbrbbrrbbbbbbbbbr
bbbbbbbbbbrbbrrbbbbbbbbrr
bbbbbbbbbbrbbrrbbbbbbbrrb
bbbbbbbbbbrbbrrbbbbbbrrbb
bbbbbbbbbbrbbrrbbbbbrrbbb
bbbbbbbbbbrbbrrbbbbrrbbbb
bbbbbbbbbbrbbrrbbbrrbbbbb
bbbbbbbbbbrbbrrbbrrbbbbbb
bbbbbbbbbbrbbrrbrrbbbbbbb
bbbbbbbbbbrbbrrrrbbbbbbbb
bbbbbbbbbbrbrbrbbbbbbbbbb
bbbbbbbbbbrbrrbbbbbbbbbbr
bbbbbbbbbbrbrrbbbbbbbbbrr
bbbbbbbbbbrbrrbbbbbbbbrrb
bbbbbbbbbbrbrrbbbbbbbrrbb
bbbbbbbbbbrbrrbbbbbbrrbbb
bbbbbbbbbbrbrrbbbbbrrbbbb
bbbbbbbbbbrbrrbbbbrrbbbbb
bbbbbbbbbbrbrrbbbrrbbbbbb
bbbbbbbbbbrbrrbbrrbbbbbbb
bbbbbbbbbbrbrrbrrbbbbbbbb
bbbbbbbbbbrbrrrrbbbbbbbbb
bbbbbbbbbbrrbrbbbbbbbbbbb
bbbbbbbbbbrrrbbbbbbbbbbbr
bbbbbbbbbbrrrbbbbbbbbbbrr
bbbbbbbbbbrrrbbbbbbbbbrrb
bbbbbbbbbbrrrbbbbbbbbrrbb
bbbbbbbbbbrrrbbbbbbbrrbbb
bbbbbbbbbbrrrbbbbbbrrbbbb
bbbbbbbbbbrrrbbbbbrrbbbbb
