64
bbbbbbbrbbbbbbb
bbbbbbrbbbbbbbr
bbbbbbrbbbbbbrr
bbbbbbrbbbbbrrb
bbbbbbrbbbbrrbb
bbbbbbrbbbrrbbb
bbbbbbrbbrrbbbb
bbbbbbrbrrbbbbb
bbbbbbrrrbbbbbb
bbbbbrbbbbbbbrb
bbbbbrbbbbbbrbr
bbbbbrbbbbbbrrr
bbbbbrbbbbbrbrb
bbbbbrbbbbbrrbr
bbbbbrbbbbbrrrr
bbbbbrbbbbrbrbb
bbbbbrbbbbrrbbr
bbbbbrbbbbrrbrr
bbbbbrbbbbrrrrb
bbbbbrbbbrbrbbb
bbbbbrbbbrrbbbr
bbbbbrbbbrrbbrr
bbbbbrbbbrrbrrb
bbbbbrbbbrrrrbb
bbbbbrbbrbrbbbb
bbbbbrbbrrbbbbr
bbbbbrbbrrbbbrr
bbbbbrbbrrbbrrb
bbbbbrbbrrbrrbb
bbbbbrbbrrrrbbb
bbbbbrbrbrbbbbb
bbbbbrbrrbbbbbr
bbbbbrbrrbbbbrr
bbbbbrbrrbbbrrb
bbbbbrbrrbbrrbb
bbbbbrbrrbrrbbb
bbbbbrbrrrrbbbb
bbbbbrrbrbbbbbb
bbbbbrrrbbbbbbr
bbbbbrrrbbbbbrr
bbbbbrrrbbbbrrb
bbbbbrrrbbbrrbb
bbbbbrrrbbrrbbb
bbbbbrrrbrrbbbb
bbbbbrrrrrbbbbb
bbbbrbbbbbbbrbb
bbbbrbbbbbbrbbr
bbbbrbbbbbbrbrr
bbbbrbbbbbbrrrb
bbbbrbbbbbrbbrb
bbbbrbbbbbrbrbr
bbbbrbbbbbrbrrr
bbbbrbbbbbrrbrb
bbbbrbbbbbrrrbr
bbbbrbbbbbrrrrr
bbbbrbbbbrbbrbb
bbbbrbbbbrbrbbr
bbbbrbbbbrbrbrr
bbbbrbbbbrbrrrb
bbbbrbbbbrrbbrb
bbbbrbbbbrrbrbr
bbbbrbbbbrrbrrr
bbbbrbbbbrrrbrb
bbbbrbbbbrrrrbr
bbbbrbbbbrrrrrr
bbbbrbbbrbbrbbb
bbbbrbbbrbrbbbr
bbbbrbbbrbrbbrr
bbbbrbbbrbrbrrb
bbbbrbbbrbrrrbb
bbbbrbbbrrbbbrb
bbbbrbbbrrbbrbr
bbbbrbbbrrbbrrr
bbbbrbbbrrbrbrb
bbbbrbbbrrbrrbr
bbbbrbbbrrbrrrr
bbbbrbbbrrrbrbb
bbbbrbbbrrrrbbr
bbbbrbbbrrrrbrr
bbbbrbbbrrrrrrb
bbbbrbbrbbrbbbb
bbbbrbbrbrbbbbr
bbbbrbbrbrbbbrr
bbbbrbbrbrbbrrb
bbbbrbbrbrbrrbb
bbbbrbbrbrrrbbb
bbbbrbbrrbbbbrb
bbbbrbbrrbbbrbr
bbbbrbbrrbbbrrr
bbbbrbbrrbbrbrb
bbbbrbbrrbbrrbr
bbbbrbbrrbbrrrr
bbbbrbbrrbrbrbb
bbbbrbbrrbrrbbr
bbbbrbbrrbrrbrr
bbbbrbbrrbrrrrb
bbbbrbbrrrbrbbb
bbbbrbbrrrrbbbr
bbbbrbbrrrrbbrr
bbbbrbbrrrrbrrb
